220402-22:49:21 [INFO] -- 
220402-22:49:21 [INFO] -- 
220402-22:49:21 [INFO] -- ============================================================
220402-22:49:21 [INFO] -- SLCStarter: Application Starting...
220402-22:49:22 [INFO] -- timer: starting...
220402-22:49:22 [INFO] -- BarcodeReaderDriver: starting...
220402-22:49:22 [INFO] -- TouchDisplayHandler: starting...
220402-22:49:22 [INFO] -- TouchDisplayHandler: loading fxml: TouchDisplayEmulator.fxml
220402-22:49:22 [INFO] -- SLC: starting...
220402-22:49:28 [INFO] -- Poll: TimesUp 85691 0
220402-22:49:28 [INFO] -- PollAck: TouchDisplayHandler is up!
220402-22:49:28 [INFO] -- PollAck: BarcodeReaderDriver is up!
220402-22:49:33 [INFO] -- 
220402-22:49:33 [INFO] -- 
220402-22:49:33 [INFO] -- ============================================================
220402-22:49:33 [INFO] -- SLCStarter: Application Stopping...
220402-22:49:33 [INFO] -- timer: received terminate!
220402-22:49:33 [INFO] -- BarcodeReaderDriver: terminating...
220402-22:49:33 [INFO] -- timer: terminating...
220402-22:49:33 [INFO] -- SLC: terminating...
220402-22:49:33 [INFO] -- TouchDisplayHandler: terminating...
